\BOOKMARK [1][-]{section.1}{\376\377\000G\000o\000o\000d\000\040\000v\000s\000.\000\040\000b\000a\000d\000\040\000c\000o\000n\000t\000r\000o\000l\000s}{}% 1
\BOOKMARK [2][-]{subsection.1.1}{\376\377\000B\000a\000d\000\040\000c\000o\000n\000t\000r\000o\000l\000s}{section.1}% 2
\BOOKMARK [2][-]{subsection.1.2}{\376\377\000C\000a\000u\000s\000a\000l\000\040\000d\000i\000a\000g\000r\000a\000m\000s\000\040\040\024\000\040\000D\000i\000r\000e\000c\000t\000e\000d\000\040\000A\000c\000y\000c\000l\000i\000c\000a\000l\000\040\000G\000r\000a\000p\000h\000s\000\040\000\050\000D\000A\000G\000\051}{section.1}% 3
\BOOKMARK [3][-]{subsubsection.1.2.1}{\376\377\000S\000o\000m\000e\000\040\000i\000m\000p\000o\000r\000t\000a\000n\000t\000\040\000c\000o\000n\000c\000e\000p\000t\000s\000\040\000i\000n\000\040\000D\000A\000G\000s}{subsection.1.2}% 4
\BOOKMARK [2][-]{subsection.1.3}{\376\377\000A\000\040\000m\000a\000r\000k\000e\000t\000i\000n\000g\000\040\000e\000x\000a\000m\000p\000l\000e}{section.1}% 5
\BOOKMARK [2][-]{subsection.1.4}{\376\377\000S\000o\000m\000e\000\040\000m\000o\000r\000e\000\040\000e\000x\000a\000m\000p\000l\000e\000s\000\040\040\024\000\040\000a\000n\000o\000t\000h\000e\000r\000\040\000c\000o\000l\000l\000i\000d\000e\000r}{section.1}% 6
\BOOKMARK [2][-]{subsection.1.5}{\376\377\000S\000o\000m\000e\000\040\000m\000o\000r\000e\000\040\000e\000x\000a\000m\000p\000l\000e\000s\000\040\040\024\000\040\000m\000e\000d\000i\000a\000t\000o\000r\000\040\000a\000s\000\040\000c\000o\000n\000t\000r\000o\000l\000?}{section.1}% 7
\BOOKMARK [2][-]{subsection.1.6}{\376\377\000A\000\040\000m\000o\000r\000e\000\040\000c\000o\000m\000p\000l\000e\000x\000\040\000m\000a\000r\000k\000e\000t\000i\000n\000g\000\040\000e\000x\000a\000m\000p\000l\000e}{section.1}% 8
\BOOKMARK [2][-]{subsection.1.7}{\376\377\000S\000o\000m\000e\000\040\000m\000o\000r\000e\000\040\000e\000x\000a\000m\000p\000l\000e\000s\000\040\040\024\000\040\000n\000e\000u\000t\000r\000a\000l\000\040\000o\000r\000\040\000b\000a\000d\000\040\000c\000o\000n\000t\000r\000o\000l\000?}{section.1}% 9
\BOOKMARK [2][-]{subsection.1.8}{\376\377\000C\000o\000n\000c\000l\000u\000s\000i\000o\000n\000:\000\040\000a\000n\000y\000\040\000o\000u\000t\000c\000o\000m\000e\000s\000\040\000o\000f\000\040\000T\000\040\000o\000r\000\040\000Y\000\040\000a\000r\000e\000\040\000b\000a\000d\000\040\000c\000o\000n\000t\000r\000o\000l\000s}{section.1}% 10
\BOOKMARK [1][-]{section.2}{\376\377\000C\000o\000n\000t\000i\000n\000u\000i\000n\000g\000\040\000w\000i\000t\000h\000\040\000t\000r\000e\000a\000t\000m\000e\000n\000t\000\040\000e\000f\000f\000e\000c\000t\000s}{}% 11
\BOOKMARK [2][-]{subsection.2.1}{\376\377\000T\000h\000e\000\040\000p\000r\000o\000b\000l\000e\000m\000\040\000w\000i\000t\000h\000\040\000A\000T\000E}{section.2}% 12
\BOOKMARK [3][-]{subsubsection.2.1.1}{\376\377\000C\000o\000n\000d\000i\000t\000i\000o\000n\000a\000l\000\040\000T\000r\000e\000a\000t\000m\000e\000n\000t\000\040\000E\000f\000f\000e\000c\000t\000s\000\040\000\050\000C\000A\000T\000E\000\051}{subsection.2.1}% 13
\BOOKMARK [2][-]{subsection.2.2}{\376\377\000C\000o\000m\000p\000l\000i\000a\000n\000c\000e}{section.2}% 14
\BOOKMARK [3][-]{subsubsection.2.2.1}{\376\377\000I\000n\000t\000e\000n\000t\000\040\000t\000o\000\040\000t\000r\000e\000a\000t\000\040\000\050\000I\000T\000T\000\051}{subsection.2.2}% 15
\BOOKMARK [3][-]{subsubsection.2.2.2}{\376\377\000L\000o\000c\000a\000l\000\040\000a\000v\000e\000r\000a\000g\000e\000\040\000t\000r\000e\000a\000t\000m\000e\000n\000t\000\040\000e\000f\000f\000e\000c\000t\000\040\000\050\000L\000A\000T\000E\000\051}{subsection.2.2}% 16
\BOOKMARK [1][-]{section.3}{\376\377\000W\000h\000a\000t\000\040\000d\000o\000e\000s\000\040\000t\000h\000i\000s\000\040\000h\000a\000v\000e\000\040\000t\000o\000\040\000d\000o\000\040\000w\000i\000t\000h\000\040\000m\000a\000r\000k\000e\000t\000i\000n\000g}{}% 17
\BOOKMARK [2][-]{subsection.3.1}{\376\377\000T\000h\000e\000\040\000p\000r\000o\000b\000l\000e\000m\000\040\000o\000f\000\040\000d\000i\000v\000e\000r\000g\000e\000n\000t\000\040\000d\000e\000l\000i\000v\000e\000r\000y}{section.3}% 18
\BOOKMARK [2][-]{subsection.3.2}{\376\377\000T\000w\000o\000\040\000m\000a\000i\000n\000\040\000t\000y\000p\000e\000s\000\040\000o\000f\000\040\000o\000n\000l\000i\000n\000e\000\040\000a\000d\000\040\000e\000x\000p\000e\000r\000i\000m\000e\000n\000t\000s\000\040\040\024\000\040\000d\000i\000v\000e\000r\000g\000e\000n\000t\000\040\000d\000e\000l\000i\000v\000e\000r\000y}{section.3}% 19
\BOOKMARK [2][-]{subsection.3.3}{\376\377\000I\000n\000t\000e\000r\000p\000r\000e\000t\000a\000t\000i\000o\000n\000\040\000o\000f\000\040\000A\000B\000-\000t\000e\000s\000t\000\040\000\050\000m\000u\000l\000t\000i\000p\000l\000e\000\040\000a\000d\000-\000s\000t\000u\000d\000y\000\051\000\040\000w\000i\000t\000h\000\040\000t\000a\000r\000g\000e\000t\000i\000n\000g}{section.3}% 20
\BOOKMARK [2][-]{subsection.3.4}{\376\377\000C\000o\000n\000c\000l\000u\000s\000i\000o\000n\000s}{section.3}% 21
\BOOKMARK [2][-]{subsection.3.5}{\376\377\000S\000u\000m\000m\000a\000r\000y\000\040\000o\000f\000\040\000e\000s\000t\000i\000m\000a\000t\000o\000r\000s\000\040\000a\000n\000d\000\040\000i\000n\000t\000e\000r\000p\000r\000e\000t\000a\000t\000i\000o\000n}{section.3}% 22
\BOOKMARK [2][-]{subsection.3.6}{\376\377\000R\000e\000m\000e\000m\000b\000e\000r\000:\000\040\000w\000h\000e\000n\000\040\000i\000s\000\040\000L\000A\000T\000E\000\040\000=\000\040\000A\000T\000E\000T\000?}{section.3}% 23
\BOOKMARK [2][-]{subsection.3.7}{\376\377\000T\000y\000p\000e\000\040\000o\000f\000\040\000t\000r\000e\000a\000t\000m\000e\000n\000t\000\040\000e\000f\000f\000e\000c\000t}{section.3}% 24
\BOOKMARK [2][-]{subsection.3.8}{\376\377\000K\000e\000y\000\040\000c\000o\000n\000c\000e\000p\000t\000s\000\040\040\024\000\040\000s\000u\000m\000m\000a\000r\000y}{section.3}% 25
