\BOOKMARK [1][-]{section.1}{\376\377\000A\000u\000g\000m\000e\000n\000t\000e\000d\000\040\000I\000n\000v\000e\000r\000s\000e\000\040\000P\000r\000o\000p\000e\000n\000s\000i\000t\000y\000\040\000W\000e\000i\000g\000h\000t\000i\000n\000g\000\040\000\050\000A\000I\000P\000W\000\051}{}% 1
\BOOKMARK [2][-]{subsection.1.1}{\376\377\000B\000r\000i\000e\000f\000\040\000r\000e\000c\000a\000p\000\040\000o\000f\000\040\000I\000P\000W}{section.1}% 2
\BOOKMARK [3][-]{subsubsection.1.1.1}{\376\377\000S\000o\000m\000e\000\040\000i\000s\000s\000u\000e\000s}{subsection.1.1}% 3
\BOOKMARK [2][-]{subsection.1.2}{\376\377\000T\000h\000e\000\040\000k\000e\000y\000\040\000i\000d\000e\000a\000\040\000a\000n\000d\000\040\000e\000q\000u\000a\000t\000i\000o\000n\000s}{section.1}% 4
\BOOKMARK [3][-]{subsubsection.1.2.1}{\376\377\000D\000o\000u\000b\000l\000y\000\040\000r\000o\000b\000u\000s\000t\000\040\000e\000s\000t\000i\000m\000a\000t\000o\000r\000s\000\040\040\023\000\040\000T\000h\000e\000\040\000A\000I\000P\000W}{subsection.1.2}% 5
\BOOKMARK [2][-]{subsection.1.3}{\376\377\000A\000I\000P\000W\000\040\000a\000n\000d\000\040\000M\000L}{section.1}% 6
\BOOKMARK [2][-]{subsection.1.4}{\376\377\000C\000h\000a\000r\000a\000c\000t\000e\000r\000i\000s\000t\000i\000c\000s\000\040\000o\000f\000\040\000t\000h\000e\000\040\000A\000I\000P\000W\000\040\000m\000o\000d\000e\000l}{section.1}% 7
\BOOKMARK [1][-]{section.2}{\376\377\000T\000w\000o\000\040\000k\000e\000y\000\040\000c\000h\000a\000l\000l\000e\000n\000g\000e\000s\000\040\000w\000i\000t\000h\000\040\000M\000L\000\040\000i\000n\000\040\000c\000a\000u\000s\000a\000l\000\040\000i\000n\000f\000e\000r\000e\000n\000c\000e}{}% 8
\BOOKMARK [2][-]{subsection.2.1}{\376\377\000R\000e\000g\000u\000l\000a\000r\000i\000z\000a\000t\000i\000o\000n\000\040\000b\000i\000a\000s}{section.2}% 9
\BOOKMARK [2][-]{subsection.2.2}{\376\377\000O\000v\000e\000r\000f\000i\000t\000t\000i\000n\000g\000\040\000b\000i\000a\000s}{section.2}% 10
\BOOKMARK [1][-]{section.3}{\376\377\000D\000o\000u\000b\000l\000e\000\040\000\050\000d\000e\000b\000i\000a\000s\000e\000d\000\051\000\040\000M\000L}{}% 11
\BOOKMARK [2][-]{subsection.3.1}{\376\377\000T\000h\000e\000\040\000p\000r\000o\000b\000l\000e\000m\000\040\000s\000e\000t\000t\000i\000n\000g}{section.3}% 12
\BOOKMARK [2][-]{subsection.3.2}{\376\377\000D\000o\000u\000b\000l\000e\000\040\000M\000L\000\040\000\050\000D\000M\000L\000\051}{section.3}% 13
\BOOKMARK [2][-]{subsection.3.3}{\376\377\000F\000r\000i\000s\000h\000-\000W\000a\000u\000g\000h\000-\000L\000o\000w\000e\000l\000l\000\040\000t\000h\000e\000o\000r\000e\000m\000\040\000/\000\040\000O\000r\000t\000h\000o\000g\000o\000n\000a\000l\000i\000z\000a\000t\000i\000o\000n}{section.3}% 14
\BOOKMARK [2][-]{subsection.3.4}{\376\377\000K\000e\000y\000\040\000c\000o\000n\000c\000e\000p\000t\000\040\000o\000f\000\040\000d\000o\000u\000b\000l\000e\000\040\000M\000L}{section.3}% 15
\BOOKMARK [2][-]{subsection.3.5}{\376\377\000D\000o\000u\000b\000l\000e\000\040\000M\000L}{section.3}% 16
\BOOKMARK [2][-]{subsection.3.6}{\376\377\000S\000a\000m\000p\000l\000e\000\040\000s\000p\000l\000i\000t\000t\000i\000n\000g\000\040\000a\000n\000d\000\040\000c\000r\000o\000s\000s\000-\000f\000i\000t\000t\000i\000n\000g}{section.3}% 17
\BOOKMARK [2][-]{subsection.3.7}{\376\377\000D\000o\000u\000b\000l\000e\000\040\000M\000L\000\040\000v\000s\000.\000\040\000A\000I\000P\000W}{section.3}% 18
\BOOKMARK [2][-]{subsection.3.8}{\376\377\000P\000a\000r\000t\000i\000a\000l\000\040\000l\000i\000n\000e\000a\000r\000\040\000v\000s\000.\000\040\000i\000n\000t\000e\000r\000a\000c\000t\000i\000v\000e\000\040\000m\000o\000d\000e\000l}{section.3}% 19
\BOOKMARK [2][-]{subsection.3.9}{\376\377\000I\000n\000t\000e\000r\000a\000c\000t\000i\000v\000e\000\040\000m\000o\000d\000e\000l\000\040\000/\000\040\000h\000e\000t\000e\000r\000o\000g\000e\000n\000o\000u\000s\000\040\000t\000r\000e\000a\000t\000m\000e\000n\000t\000\040\000e\000f\000f\000e\000c\000t\000\040\000m\000o\000d\000e\000l}{section.3}% 20
\BOOKMARK [2][-]{subsection.3.10}{\376\377\000N\000o\000t\000e\000\040\000o\000f\000\040\000c\000a\000u\000t\000i\000o\000n}{section.3}% 21
\BOOKMARK [1][-]{section.4}{\376\377\000A\000\040\000b\000r\000i\000e\000f\000\040\000o\000u\000t\000l\000o\000o\000k\000\040\000o\000n\000\040\000c\000a\000u\000s\000a\000l\000\040\000t\000r\000e\000e\000s}{}% 22
